have_func: checking for rb_exec_recursive() in ruby.h... -------------------- yes

"clang -fdeclspec -o conftest -I/Users/jimknight/.asdf/installs/ruby/3.0.2/include/ruby-3.0.0/arm64-darwin20 -I/Users/jimknight/.asdf/installs/ruby/3.0.2/include/ruby-3.0.0/ruby/backward -I/Users/jimknight/.asdf/installs/ruby/3.0.2/include/ruby-3.0.0 -I. -I/Users/jimknight/.asdf/installs/ruby/3.0.2/include  -D_XOPEN_SOURCE -D_DARWIN_C_SOURCE -D_DARWIN_UNLIMITED_SELECT -D_REENTRANT   -O3 -ggdb3 -Wall -Wextra -Wdeprecated-declarations -Wdivision-by-zero -Wimplicit-function-declaration -Wimplicit-int -Wmisleading-indentation -Wpointer-arith -Wshorten-64-to-32 -Wwrite-strings -Wmissing-noreturn -Wno-constant-logical-operand -Wno-long-long -Wno-missing-field-initializers -Wno-overlength-strings -Wno-parentheses-equality -Wno-self-assign -Wno-tautological-compare -Wno-unused-parameter -Wno-unused-value -Wunused-variable -Wextra-tokens -fno-common -pipe conftest.c  -L. -L/Users/jimknight/.asdf/installs/ruby/3.0.2/lib -L. -L/Users/jimknight/.asdf/installs/ruby/3.0.2/lib  -fstack-protector-strong  -m64   -lruby.3.0   "
checked program was:
/* begin */
1: #include "ruby.h"
2: 
3: int main(int argc, char **argv)
4: {
5:   return !!argv[argc];
6: }
/* end */

"clang -fdeclspec -o conftest -I/Users/jimknight/.asdf/installs/ruby/3.0.2/include/ruby-3.0.0/arm64-darwin20 -I/Users/jimknight/.asdf/installs/ruby/3.0.2/include/ruby-3.0.0/ruby/backward -I/Users/jimknight/.asdf/installs/ruby/3.0.2/include/ruby-3.0.0 -I. -I/Users/jimknight/.asdf/installs/ruby/3.0.2/include  -D_XOPEN_SOURCE -D_DARWIN_C_SOURCE -D_DARWIN_UNLIMITED_SELECT -D_REENTRANT   -O3 -ggdb3 -Wall -Wextra -Wdeprecated-declarations -Wdivision-by-zero -Wimplicit-function-declaration -Wimplicit-int -Wmisleading-indentation -Wpointer-arith -Wshorten-64-to-32 -Wwrite-strings -Wmissing-noreturn -Wno-constant-logical-operand -Wno-long-long -Wno-missing-field-initializers -Wno-overlength-strings -Wno-parentheses-equality -Wno-self-assign -Wno-tautological-compare -Wno-unused-parameter -Wno-unused-value -Wunused-variable -Wextra-tokens -fno-common -pipe conftest.c  -L. -L/Users/jimknight/.asdf/installs/ruby/3.0.2/lib -L. -L/Users/jimknight/.asdf/installs/ruby/3.0.2/lib  -fstack-protector-strong  -m64   -lruby.3.0   "
checked program was:
/* begin */
 1: #include "ruby.h"
 2: 
 3: #include <ruby.h>
 4: 
 5: /*top*/
 6: extern int t(void);
 7: int main(int argc, char **argv)
 8: {
 9:   if (argc > 1000000) {
10:     int (* volatile tp)(void)=(int (*)(void))&t;
11:     printf("%d", (*tp)());
12:   }
13: 
14:   return !!argv[argc];
15: }
16: int t(void) { void ((*volatile p)()); p = (void ((*)()))rb_exec_recursive; return !p; }
/* end */

--------------------

have_func: checking for rb_exec_recursive_paired() in ruby.h... -------------------- yes

"clang -fdeclspec -o conftest -I/Users/jimknight/.asdf/installs/ruby/3.0.2/include/ruby-3.0.0/arm64-darwin20 -I/Users/jimknight/.asdf/installs/ruby/3.0.2/include/ruby-3.0.0/ruby/backward -I/Users/jimknight/.asdf/installs/ruby/3.0.2/include/ruby-3.0.0 -I. -I/Users/jimknight/.asdf/installs/ruby/3.0.2/include  -D_XOPEN_SOURCE -D_DARWIN_C_SOURCE -D_DARWIN_UNLIMITED_SELECT -D_REENTRANT   -O3 -ggdb3 -Wall -Wextra -Wdeprecated-declarations -Wdivision-by-zero -Wimplicit-function-declaration -Wimplicit-int -Wmisleading-indentation -Wpointer-arith -Wshorten-64-to-32 -Wwrite-strings -Wmissing-noreturn -Wno-constant-logical-operand -Wno-long-long -Wno-missing-field-initializers -Wno-overlength-strings -Wno-parentheses-equality -Wno-self-assign -Wno-tautological-compare -Wno-unused-parameter -Wno-unused-value -Wunused-variable -Wextra-tokens -fno-common -pipe conftest.c  -L. -L/Users/jimknight/.asdf/installs/ruby/3.0.2/lib -L. -L/Users/jimknight/.asdf/installs/ruby/3.0.2/lib  -fstack-protector-strong  -m64   -lruby.3.0   "
checked program was:
/* begin */
 1: #include "ruby.h"
 2: 
 3: #include <ruby.h>
 4: 
 5: /*top*/
 6: extern int t(void);
 7: int main(int argc, char **argv)
 8: {
 9:   if (argc > 1000000) {
10:     int (* volatile tp)(void)=(int (*)(void))&t;
11:     printf("%d", (*tp)());
12:   }
13: 
14:   return !!argv[argc];
15: }
16: int t(void) { void ((*volatile p)()); p = (void ((*)()))rb_exec_recursive_paired; return !p; }
/* end */

--------------------

have_func: checking for rb_proc_lambda_p() in ruby.h... -------------------- yes

"clang -fdeclspec -o conftest -I/Users/jimknight/.asdf/installs/ruby/3.0.2/include/ruby-3.0.0/arm64-darwin20 -I/Users/jimknight/.asdf/installs/ruby/3.0.2/include/ruby-3.0.0/ruby/backward -I/Users/jimknight/.asdf/installs/ruby/3.0.2/include/ruby-3.0.0 -I. -I/Users/jimknight/.asdf/installs/ruby/3.0.2/include  -D_XOPEN_SOURCE -D_DARWIN_C_SOURCE -D_DARWIN_UNLIMITED_SELECT -D_REENTRANT   -O3 -ggdb3 -Wall -Wextra -Wdeprecated-declarations -Wdivision-by-zero -Wimplicit-function-declaration -Wimplicit-int -Wmisleading-indentation -Wpointer-arith -Wshorten-64-to-32 -Wwrite-strings -Wmissing-noreturn -Wno-constant-logical-operand -Wno-long-long -Wno-missing-field-initializers -Wno-overlength-strings -Wno-parentheses-equality -Wno-self-assign -Wno-tautological-compare -Wno-unused-parameter -Wno-unused-value -Wunused-variable -Wextra-tokens -fno-common -pipe conftest.c  -L. -L/Users/jimknight/.asdf/installs/ruby/3.0.2/lib -L. -L/Users/jimknight/.asdf/installs/ruby/3.0.2/lib  -fstack-protector-strong  -m64   -lruby.3.0   "
checked program was:
/* begin */
 1: #include "ruby.h"
 2: 
 3: #include <ruby.h>
 4: 
 5: /*top*/
 6: extern int t(void);
 7: int main(int argc, char **argv)
 8: {
 9:   if (argc > 1000000) {
10:     int (* volatile tp)(void)=(int (*)(void))&t;
11:     printf("%d", (*tp)());
12:   }
13: 
14:   return !!argv[argc];
15: }
16: int t(void) { void ((*volatile p)()); p = (void ((*)()))rb_proc_lambda_p; return !p; }
/* end */

--------------------

have_func: checking for rb_ary_resize() in ruby.h... -------------------- yes

"clang -fdeclspec -o conftest -I/Users/jimknight/.asdf/installs/ruby/3.0.2/include/ruby-3.0.0/arm64-darwin20 -I/Users/jimknight/.asdf/installs/ruby/3.0.2/include/ruby-3.0.0/ruby/backward -I/Users/jimknight/.asdf/installs/ruby/3.0.2/include/ruby-3.0.0 -I. -I/Users/jimknight/.asdf/installs/ruby/3.0.2/include  -D_XOPEN_SOURCE -D_DARWIN_C_SOURCE -D_DARWIN_UNLIMITED_SELECT -D_REENTRANT   -O3 -ggdb3 -Wall -Wextra -Wdeprecated-declarations -Wdivision-by-zero -Wimplicit-function-declaration -Wimplicit-int -Wmisleading-indentation -Wpointer-arith -Wshorten-64-to-32 -Wwrite-strings -Wmissing-noreturn -Wno-constant-logical-operand -Wno-long-long -Wno-missing-field-initializers -Wno-overlength-strings -Wno-parentheses-equality -Wno-self-assign -Wno-tautological-compare -Wno-unused-parameter -Wno-unused-value -Wunused-variable -Wextra-tokens -fno-common -pipe conftest.c  -L. -L/Users/jimknight/.asdf/installs/ruby/3.0.2/lib -L. -L/Users/jimknight/.asdf/installs/ruby/3.0.2/lib  -fstack-protector-strong  -m64   -lruby.3.0   "
checked program was:
/* begin */
 1: #include "ruby.h"
 2: 
 3: #include <ruby.h>
 4: 
 5: /*top*/
 6: extern int t(void);
 7: int main(int argc, char **argv)
 8: {
 9:   if (argc > 1000000) {
10:     int (* volatile tp)(void)=(int (*)(void))&t;
11:     printf("%d", (*tp)());
12:   }
13: 
14:   return !!argv[argc];
15: }
16: int t(void) { void ((*volatile p)()); p = (void ((*)()))rb_ary_resize; return !p; }
/* end */

--------------------

have_func: checking for rb_obj_hide() in ruby.h... -------------------- yes

"clang -fdeclspec -o conftest -I/Users/jimknight/.asdf/installs/ruby/3.0.2/include/ruby-3.0.0/arm64-darwin20 -I/Users/jimknight/.asdf/installs/ruby/3.0.2/include/ruby-3.0.0/ruby/backward -I/Users/jimknight/.asdf/installs/ruby/3.0.2/include/ruby-3.0.0 -I. -I/Users/jimknight/.asdf/installs/ruby/3.0.2/include  -D_XOPEN_SOURCE -D_DARWIN_C_SOURCE -D_DARWIN_UNLIMITED_SELECT -D_REENTRANT   -O3 -ggdb3 -Wall -Wextra -Wdeprecated-declarations -Wdivision-by-zero -Wimplicit-function-declaration -Wimplicit-int -Wmisleading-indentation -Wpointer-arith -Wshorten-64-to-32 -Wwrite-strings -Wmissing-noreturn -Wno-constant-logical-operand -Wno-long-long -Wno-missing-field-initializers -Wno-overlength-strings -Wno-parentheses-equality -Wno-self-assign -Wno-tautological-compare -Wno-unused-parameter -Wno-unused-value -Wunused-variable -Wextra-tokens -fno-common -pipe conftest.c  -L. -L/Users/jimknight/.asdf/installs/ruby/3.0.2/lib -L. -L/Users/jimknight/.asdf/installs/ruby/3.0.2/lib  -fstack-protector-strong  -m64   -lruby.3.0   "
checked program was:
/* begin */
 1: #include "ruby.h"
 2: 
 3: #include <ruby.h>
 4: 
 5: /*top*/
 6: extern int t(void);
 7: int main(int argc, char **argv)
 8: {
 9:   if (argc > 1000000) {
10:     int (* volatile tp)(void)=(int (*)(void))&t;
11:     printf("%d", (*tp)());
12:   }
13: 
14:   return !!argv[argc];
15: }
16: int t(void) { void ((*volatile p)()); p = (void ((*)()))rb_obj_hide; return !p; }
/* end */

--------------------

have_func: checking for rb_safe_level() in ruby.h... -------------------- no

"clang -fdeclspec -o conftest -I/Users/jimknight/.asdf/installs/ruby/3.0.2/include/ruby-3.0.0/arm64-darwin20 -I/Users/jimknight/.asdf/installs/ruby/3.0.2/include/ruby-3.0.0/ruby/backward -I/Users/jimknight/.asdf/installs/ruby/3.0.2/include/ruby-3.0.0 -I. -I/Users/jimknight/.asdf/installs/ruby/3.0.2/include  -D_XOPEN_SOURCE -D_DARWIN_C_SOURCE -D_DARWIN_UNLIMITED_SELECT -D_REENTRANT   -O3 -ggdb3 -Wall -Wextra -Wdeprecated-declarations -Wdivision-by-zero -Wimplicit-function-declaration -Wimplicit-int -Wmisleading-indentation -Wpointer-arith -Wshorten-64-to-32 -Wwrite-strings -Wmissing-noreturn -Wno-constant-logical-operand -Wno-long-long -Wno-missing-field-initializers -Wno-overlength-strings -Wno-parentheses-equality -Wno-self-assign -Wno-tautological-compare -Wno-unused-parameter -Wno-unused-value -Wunused-variable -Wextra-tokens -fno-common -pipe conftest.c  -L. -L/Users/jimknight/.asdf/installs/ruby/3.0.2/lib -L. -L/Users/jimknight/.asdf/installs/ruby/3.0.2/lib  -fstack-protector-strong  -m64   -lruby.3.0   "
conftest.c:16:57: error: use of undeclared identifier 'rb_safe_level'
int t(void) { void ((*volatile p)()); p = (void ((*)()))rb_safe_level; return !p; }
                                                        ^
1 error generated.
checked program was:
/* begin */
 1: #include "ruby.h"
 2: 
 3: #include <ruby.h>
 4: 
 5: /*top*/
 6: extern int t(void);
 7: int main(int argc, char **argv)
 8: {
 9:   if (argc > 1000000) {
10:     int (* volatile tp)(void)=(int (*)(void))&t;
11:     printf("%d", (*tp)());
12:   }
13: 
14:   return !!argv[argc];
15: }
16: int t(void) { void ((*volatile p)()); p = (void ((*)()))rb_safe_level; return !p; }
/* end */

"clang -fdeclspec -o conftest -I/Users/jimknight/.asdf/installs/ruby/3.0.2/include/ruby-3.0.0/arm64-darwin20 -I/Users/jimknight/.asdf/installs/ruby/3.0.2/include/ruby-3.0.0/ruby/backward -I/Users/jimknight/.asdf/installs/ruby/3.0.2/include/ruby-3.0.0 -I. -I/Users/jimknight/.asdf/installs/ruby/3.0.2/include  -D_XOPEN_SOURCE -D_DARWIN_C_SOURCE -D_DARWIN_UNLIMITED_SELECT -D_REENTRANT   -O3 -ggdb3 -Wall -Wextra -Wdeprecated-declarations -Wdivision-by-zero -Wimplicit-function-declaration -Wimplicit-int -Wmisleading-indentation -Wpointer-arith -Wshorten-64-to-32 -Wwrite-strings -Wmissing-noreturn -Wno-constant-logical-operand -Wno-long-long -Wno-missing-field-initializers -Wno-overlength-strings -Wno-parentheses-equality -Wno-self-assign -Wno-tautological-compare -Wno-unused-parameter -Wno-unused-value -Wunused-variable -Wextra-tokens -fno-common -pipe conftest.c  -L. -L/Users/jimknight/.asdf/installs/ruby/3.0.2/lib -L. -L/Users/jimknight/.asdf/installs/ruby/3.0.2/lib  -fstack-protector-strong  -m64   -lruby.3.0   "
Undefined symbols for architecture arm64:
  "_rb_safe_level", referenced from:
      _t in conftest-3d9ea3.o
ld: symbol(s) not found for architecture arm64
clang: error: linker command failed with exit code 1 (use -v to see invocation)
checked program was:
/* begin */
 1: #include "ruby.h"
 2: 
 3: #include <ruby.h>
 4: 
 5: /*top*/
 6: extern int t(void);
 7: int main(int argc, char **argv)
 8: {
 9:   if (argc > 1000000) {
10:     int (* volatile tp)(void)=(int (*)(void))&t;
11:     printf("%d", (*tp)());
12:   }
13: 
14:   return !!argv[argc];
15: }
16: extern void rb_safe_level();
17: int t(void) { rb_safe_level(); return 0; }
/* end */

--------------------

